# JRE version: OpenJDK Runtime Environment Microsoft-13877129 (17.0.19+10) (build 17.0.19+10-LTS)
# Java VM: OpenJDK 64-Bit Server VM Microsoft-13877129 (17.0.19+10-LTS, mixed mode, emulated-client, sharing, tiered, compressed oops, compressed class ptrs, g1 gc, windows-amd64)
GC Precious Log:
 CPUs: 12 total, 12 available
 Memory: 16251M
 Large Page Support: Disabled
 NUMA Support: Disabled
 Compressed Oops: Enabled (Zero based)
 Heap Region Size: 2M
 Heap Min Capacity: 8M
 Heap Initial Capacity: 254M
 Heap Max Capacity: 4064M
 Pre-touch: Disabled
 Parallel Workers: 10
 Concurrent Workers: 3
 Concurrent Refinement Workers: 10
 Periodic GC: Disabled
Heap:
 garbage-first heap   total 212992K, used 136471K [0x0000000702000000, 0x0000000800000000)
  region size 2048K, 30 young (61440K), 3 survivors (6144K)
 Metaspace       used 95802K, committed 96640K, reserved 1179648K
  class space    used 13792K, committed 14208K, reserved 1048576K
GC Heap History (20 events):
Event: 160.165 GC heap before
{Heap before GC invocations=51 (full 3):
 garbage-first heap   total 212992K, used 116653K [0x0000000702000000, 0x0000000800000000)
  region size 2048K, 29 young (59392K), 4 survivors (8192K)
 Metaspace       used 94561K, committed 95232K, reserved 1179648K
  class space    used 13649K, committed 13952K, reserved 1048576K
}
Event: 160.217 GC heap after
{Heap after GC invocations=52 (full 4):
 garbage-first heap   total 212992K, used 60724K [0x0000000702000000, 0x0000000800000000)
  region size 2048K, 0 young (0K), 0 survivors (0K)
 Metaspace       used 94554K, committed 95232K, reserved 1179648K
  class space    used 13648K, committed 13952K, reserved 1048576K
}
Event: 161.234 GC heap before
{Heap before GC invocations=52 (full 4):
 garbage-first heap   total 212992K, used 167220K [0x0000000702000000, 0x0000000800000000)
  region size 2048K, 52 young (106496K), 0 survivors (0K)
 Metaspace       used 94702K, committed 95424K, reserved 1179648K
  class space    used 13667K, committed 14016K, reserved 1048576K
}
Event: 161.241 GC heap after
{Heap after GC invocations=53 (full 4):
 garbage-first heap   total 212992K, used 67127K [0x0000000702000000, 0x0000000800000000)
  region size 2048K, 4 young (8192K), 4 survivors (8192K)
 Metaspace       used 94702K, committed 95424K, reserved 1179648K
  class space    used 13667K, committed 14016K, reserved 1048576K
}
Event: 162.012 GC heap before
{Heap before GC invocations=53 (full 4):
 garbage-first heap   total 212992K, used 167479K [0x0000000702000000, 0x0000000800000000)
  region size 2048K, 53 young (108544K), 4 survivors (8192K)
 Metaspace       used 95055K, committed 95744K, reserved 1179648K
  class space    used 13692K, committed 14016K, reserved 1048576K
}
Event: 162.017 GC heap after
{Heap after GC invocations=54 (full 4):
 garbage-first heap   total 212992K, used 70880K [0x0000000702000000, 0x0000000800000000)
  region size 2048K, 5 young (10240K), 5 survivors (10240K)
 Metaspace       used 95055K, committed 95744K, reserved 1179648K
  class space    used 13692K, committed 14016K, reserved 1048576K
}
Event: 163.206 GC heap before
{Heap before GC invocations=54 (full 4):
 garbage-first heap   total 212992K, used 169184K [0x0000000702000000, 0x0000000800000000)
  region size 2048K, 53 young (108544K), 5 survivors (10240K)
 Metaspace       used 95058K, committed 95744K, reserved 1179648K
  class space    used 13693K, committed 14016K, reserved 1048576K
}
Event: 163.214 GC heap after
{Heap after GC invocations=55 (full 4):
 garbage-first heap   total 212992K, used 73898K [0x0000000702000000, 0x0000000800000000)
  region size 2048K, 4 young (8192K), 4 survivors (8192K)
 Metaspace       used 95058K, committed 95744K, reserved 1179648K
  class space    used 13693K, committed 14016K, reserved 1048576K
}
Event: 418.407 GC heap before
{Heap before GC invocations=55 (full 4):
 garbage-first heap   total 212992K, used 151722K [0x0000000702000000, 0x0000000800000000)
  region size 2048K, 43 young (88064K), 4 survivors (8192K)
 Metaspace       used 95246K, committed 96000K, reserved 1179648K
  class space    used 13737K, committed 14080K, reserved 1048576K
}
Event: 418.463 GC heap after
{Heap after GC invocations=56 (full 5):
 garbage-first heap   total 212992K, used 68347K [0x0000000702000000, 0x0000000800000000)
  region size 2048K, 0 young (0K), 0 survivors (0K)
 Metaspace       used 95240K, committed 96000K, reserved 1179648K
  class space    used 13736K, committed 14080K, reserved 1048576K
}
Event: 419.321 GC heap before
{Heap before GC invocations=56 (full 5):
 garbage-first heap   total 212992K, used 170747K [0x0000000702000000, 0x0000000800000000)
  region size 2048K, 50 young (102400K), 0 survivors (0K)
 Metaspace       used 95407K, committed 96192K, reserved 1179648K
  class space    used 13758K, committed 14144K, reserved 1048576K
}
Event: 419.325 GC heap after
{Heap after GC invocations=57 (full 5):
 garbage-first heap   total 212992K, used 74739K [0x0000000702000000, 0x0000000800000000)
  region size 2048K, 4 young (8192K), 4 survivors (8192K)
 Metaspace       used 95407K, committed 96192K, reserved 1179648K
  class space    used 13758K, committed 14144K, reserved 1048576K
}
Event: 419.843 GC heap before
{Heap before GC invocations=57 (full 5):
 garbage-first heap   total 212992K, used 166899K [0x0000000702000000, 0x0000000800000000)
  region size 2048K, 50 young (102400K), 4 survivors (8192K)
 Metaspace       used 95759K, committed 96512K, reserved 1179648K
  class space    used 13782K, committed 14144K, reserved 1048576K
}
Event: 419.847 GC heap after
{Heap after GC invocations=58 (full 5):
 garbage-first heap   total 212992K, used 78366K [0x0000000702000000, 0x0000000800000000)
  region size 2048K, 5 young (10240K), 5 survivors (10240K)
 Metaspace       used 95759K, committed 96512K, reserved 1179648K
  class space    used 13782K, committed 14144K, reserved 1048576K
}
Event: 420.382 GC heap before
{Heap before GC invocations=58 (full 5):
 garbage-first heap   total 212992K, used 172574K [0x0000000702000000, 0x0000000800000000)
  region size 2048K, 51 young (104448K), 5 survivors (10240K)
 Metaspace       used 95760K, committed 96512K, reserved 1179648K
  class space    used 13782K, committed 14144K, reserved 1048576K
}
Event: 420.387 GC heap after
{Heap after GC invocations=59 (full 5):
 garbage-first heap   total 212992K, used 81032K [0x0000000702000000, 0x0000000800000000)
  region size 2048K, 4 young (8192K), 4 survivors (8192K)
 Metaspace       used 95760K, committed 96512K, reserved 1179648K
  class space    used 13782K, committed 14144K, reserved 1048576K
}
Event: 1051.291 GC heap before
{Heap before GC invocations=59 (full 5):
 garbage-first heap   total 212992K, used 171144K [0x0000000702000000, 0x0000000800000000)
  region size 2048K, 48 young (98304K), 4 survivors (8192K)
 Metaspace       used 95787K, committed 96576K, reserved 1179648K
  class space    used 13787K, committed 14144K, reserved 1048576K
}
Event: 1051.298 GC heap after
{Heap after GC invocations=60 (full 5):
 garbage-first heap   total 212992K, used 83366K [0x0000000702000000, 0x0000000800000000)
  region size 2048K, 3 young (6144K), 3 survivors (6144K)
 Metaspace       used 95787K, committed 96576K, reserved 1179648K
  class space    used 13787K, committed 14144K, reserved 1048576K
}
Event: 3448.180 GC heap before
{Heap before GC invocations=60 (full 5):
 garbage-first heap   total 212992K, used 171430K [0x0000000702000000, 0x0000000800000000)
  region size 2048K, 46 young (94208K), 3 survivors (6144K)
 Metaspace       used 95796K, committed 96640K, reserved 1179648K
  class space    used 13790K, committed 14208K, reserved 1048576K
}
Event: 3448.184 GC heap after
{Heap after GC invocations=61 (full 5):
 garbage-first heap   total 212992K, used 83223K [0x0000000702000000, 0x0000000800000000)
  region size 2048K, 3 young (6144K), 3 survivors (6144K)
 Metaspace       used 95796K, committed 96640K, reserved 1179648K
  class space    used 13790K, committed 14208K, reserved 1048576K
}

